<?xml version="1.0" encoding="UTF-8"?>
<testsuite xmlns:xsi="http://www.w3.org/2001/XMLSchema-instance" xsi:noNamespaceSchemaLocation="https://maven.apache.org/surefire/maven-surefire-plugin/xsd/surefire-test-report-3.0.xsd" version="3.0" name="com.bookingmx.reservations.service.ReservationServiceTest" time="2.66" tests="13" errors="2" skipped="0" failures="6">
  <properties>
[...]
</properties>
  <testcase name="create_ShouldThrowBadRequestException_WhenCheckOutIsSameAsCheckIn" classname="com.bookingmx.reservations.service.ReservationServiceTest" time="2.321"/>
  <testcase name="create_ShouldThrowBadRequestException_WhenCheckOutIsInThePast" classname="com.bookingmx.reservations.service.ReservationServiceTest" time="0.006"/>
  <testcase name="list_ShouldReturnEmptyListWhenNoReservations" classname="com.bookingmx.reservations.service.ReservationServiceTest" time="0.108">
    <failure message="&#10;Wanted but not invoked:&#10;mockRepo.findAll();&#10;-&gt; at com.bookingmx.reservations.repo.ReservationRepository.findAll(ReservationRepository.java:13)&#10;Actually, there were zero interactions with this mock.&#10;" type="Wanted but not invoked"><![CDATA[Wanted but not invoked:
mockRepo.findAll();
-> at com.bookingmx.reservations.repo.ReservationRepository.findAll(ReservationRepository.java:13)
Actually, there were zero interactions with this mock.

	at com.bookingmx.reservations.repo.ReservationRepository.findAll(ReservationRepository.java:13)
	at com.bookingmx.reservations.service.ReservationServiceTest.list_ShouldReturnEmptyListWhenNoReservations(ReservationServiceTest.java:90)
	at java.base/java.lang.reflect.Method.invoke(Method.java:568)
	at java.base/java.util.ArrayList.forEach(ArrayList.java:1511)
	at java.base/java.util.ArrayList.forEach(ArrayList.java:1511)
]]></failure>
  </testcase>
  <testcase name="create_ShouldReturnNewReservation" classname="com.bookingmx.reservations.service.ReservationServiceTest" time="0.024">
    <failure message="&#10;Wanted but not invoked:&#10;mockRepo.save(&#10;    &lt;any com.bookingmx.reservations.model.Reservation&gt;&#10;);&#10;-&gt; at com.bookingmx.reservations.repo.ReservationRepository.save(ReservationRepository.java:21)&#10;Actually, there were zero interactions with this mock.&#10;" type="Wanted but not invoked"><![CDATA[Wanted but not invoked:
mockRepo.save(
    <any com.bookingmx.reservations.model.Reservation>
);
-> at com.bookingmx.reservations.repo.ReservationRepository.save(ReservationRepository.java:21)
Actually, there were zero interactions with this mock.

	at com.bookingmx.reservations.repo.ReservationRepository.save(ReservationRepository.java:21)
	at com.bookingmx.reservations.service.ReservationServiceTest.create_ShouldReturnNewReservation(ReservationServiceTest.java:107)
	at java.base/java.lang.reflect.Method.invoke(Method.java:568)
	at java.base/java.util.ArrayList.forEach(ArrayList.java:1511)
	at java.base/java.util.ArrayList.forEach(ArrayList.java:1511)
]]></failure>
  </testcase>
  <testcase name="update_ShouldThrowBadRequestException_WhenReservationIsCanceled" classname="com.bookingmx.reservations.service.ReservationServiceTest" time="0.017">
    <failure message="Cannot update a canceled reservation ==&gt; Unexpected exception type thrown, expected: &lt;com.bookingmx.reservations.exception.BadRequestException&gt; but was: &lt;com.bookingmx.reservations.exception.NotFoundException&gt;" type="org.opentest4j.AssertionFailedError"><![CDATA[org.opentest4j.AssertionFailedError: Cannot update a canceled reservation ==> Unexpected exception type thrown, expected: <com.bookingmx.reservations.exception.BadRequestException> but was: <com.bookingmx.reservations.exception.NotFoundException>
	at org.junit.jupiter.api.AssertionFailureBuilder.build(AssertionFailureBuilder.java:151)
	at org.junit.jupiter.api.AssertThrows.assertThrows(AssertThrows.java:67)
	at org.junit.jupiter.api.AssertThrows.assertThrows(AssertThrows.java:39)
	at org.junit.jupiter.api.Assertions.assertThrows(Assertions.java:3131)
	at com.bookingmx.reservations.service.ReservationServiceTest.update_ShouldThrowBadRequestException_WhenReservationIsCanceled(ReservationServiceTest.java:198)
	at java.base/java.lang.reflect.Method.invoke(Method.java:568)
	at java.base/java.util.ArrayList.forEach(ArrayList.java:1511)
	at java.base/java.util.ArrayList.forEach(ArrayList.java:1511)
Caused by: com.bookingmx.reservations.exception.NotFoundException: Reservation not found
	at com.bookingmx.reservations.service.ReservationService.lambda$update$0(ReservationService.java:30)
	at java.base/java.util.Optional.orElseThrow(Optional.java:403)
	at com.bookingmx.reservations.service.ReservationService.update(ReservationService.java:30)
	at com.bookingmx.reservations.service.ReservationServiceTest.lambda$update_ShouldThrowBadRequestException_WhenReservationIsCanceled$2(ReservationServiceTest.java:198)
	at org.junit.jupiter.api.AssertThrows.assertThrows(AssertThrows.java:53)
	... 6 more
]]></failure>
  </testcase>
  <testcase name="list_ShouldReturnAllReservations" classname="com.bookingmx.reservations.service.ReservationServiceTest" time="0.006">
    <failure message="expected: &lt;1&gt; but was: &lt;0&gt;" type="org.opentest4j.AssertionFailedError"><![CDATA[org.opentest4j.AssertionFailedError: expected: <1> but was: <0>
	at org.junit.jupiter.api.AssertionFailureBuilder.build(AssertionFailureBuilder.java:151)
	at org.junit.jupiter.api.AssertionFailureBuilder.buildAndThrow(AssertionFailureBuilder.java:132)
	at org.junit.jupiter.api.AssertEquals.failNotEqual(AssertEquals.java:197)
	at org.junit.jupiter.api.AssertEquals.assertEquals(AssertEquals.java:150)
	at org.junit.jupiter.api.AssertEquals.assertEquals(AssertEquals.java:145)
	at org.junit.jupiter.api.Assertions.assertEquals(Assertions.java:531)
	at com.bookingmx.reservations.service.ReservationServiceTest.list_ShouldReturnAllReservations(ReservationServiceTest.java:75)
	at java.base/java.lang.reflect.Method.invoke(Method.java:568)
	at java.base/java.util.ArrayList.forEach(ArrayList.java:1511)
	at java.base/java.util.ArrayList.forEach(ArrayList.java:1511)
]]></failure>
  </testcase>
  <testcase name="create_ShouldThrowBadRequestException_WhenCheckOutIsBeforeCheckIn" classname="com.bookingmx.reservations.service.ReservationServiceTest" time="0.01"/>
  <testcase name="create_ShouldThrowBadRequestException_WhenCheckInIsNull" classname="com.bookingmx.reservations.service.ReservationServiceTest" time="0.008"/>
  <testcase name="create_ShouldThrowBadRequestException_WhenCheckInIsInThePast" classname="com.bookingmx.reservations.service.ReservationServiceTest" time="0.005"/>
  <testcase name="cancel_ShouldChangeStatusToCanceled" classname="com.bookingmx.reservations.service.ReservationServiceTest" time="0.006">
    <error message="Reservation not found" type="com.bookingmx.reservations.exception.NotFoundException"><![CDATA[com.bookingmx.reservations.exception.NotFoundException: Reservation not found
	at com.bookingmx.reservations.service.ReservationService.lambda$cancel$1(ReservationService.java:41)
	at java.base/java.util.Optional.orElseThrow(Optional.java:403)
	at com.bookingmx.reservations.service.ReservationService.cancel(ReservationService.java:41)
	at com.bookingmx.reservations.service.ReservationServiceTest.cancel_ShouldChangeStatusToCanceled(ReservationServiceTest.java:151)
	at java.base/java.lang.reflect.Method.invoke(Method.java:568)
	at java.base/java.util.ArrayList.forEach(ArrayList.java:1511)
	at java.base/java.util.ArrayList.forEach(ArrayList.java:1511)
]]></error>
  </testcase>
  <testcase name="update_ShouldReturnUpdatedReservation" classname="com.bookingmx.reservations.service.ReservationServiceTest" time="0.005">
    <error message="Reservation not found" type="com.bookingmx.reservations.exception.NotFoundException"><![CDATA[com.bookingmx.reservations.exception.NotFoundException: Reservation not found
	at com.bookingmx.reservations.service.ReservationService.lambda$update$0(ReservationService.java:30)
	at java.base/java.util.Optional.orElseThrow(Optional.java:403)
	at com.bookingmx.reservations.service.ReservationService.update(ReservationService.java:30)
	at com.bookingmx.reservations.service.ReservationServiceTest.update_ShouldReturnUpdatedReservation(ReservationServiceTest.java:128)
	at java.base/java.lang.reflect.Method.invoke(Method.java:568)
	at java.base/java.util.ArrayList.forEach(ArrayList.java:1511)
	at java.base/java.util.ArrayList.forEach(ArrayList.java:1511)
]]></error>
  </testcase>
  <testcase name="update_ShouldThrowNotFoundException_WhenIdDoesNotExist" classname="com.bookingmx.reservations.service.ReservationServiceTest" time="0.004">
    <failure message="&#10;Wanted but not invoked:&#10;mockRepo.findById(1L);&#10;-&gt; at com.bookingmx.reservations.repo.ReservationRepository.findById(ReservationRepository.java:17)&#10;Actually, there were zero interactions with this mock.&#10;" type="Wanted but not invoked"><![CDATA[Wanted but not invoked:
mockRepo.findById(1L);
-> at com.bookingmx.reservations.repo.ReservationRepository.findById(ReservationRepository.java:17)
Actually, there were zero interactions with this mock.

	at com.bookingmx.reservations.repo.ReservationRepository.findById(ReservationRepository.java:17)
	at com.bookingmx.reservations.service.ReservationServiceTest.update_ShouldThrowNotFoundException_WhenIdDoesNotExist(ReservationServiceTest.java:170)
	at java.base/java.lang.reflect.Method.invoke(Method.java:568)
	at java.base/java.util.ArrayList.forEach(ArrayList.java:1511)
	at java.base/java.util.ArrayList.forEach(ArrayList.java:1511)
]]></failure>
  </testcase>
  <testcase name="cancel_ShouldThrowNotFoundException_WhenIdDoesNotExist" classname="com.bookingmx.reservations.service.ReservationServiceTest" time="0.006">
    <failure message="&#10;Wanted but not invoked:&#10;mockRepo.findById(1L);&#10;-&gt; at com.bookingmx.reservations.repo.ReservationRepository.findById(ReservationRepository.java:17)&#10;Actually, there were zero interactions with this mock.&#10;" type="Wanted but not invoked"><![CDATA[Wanted but not invoked:
mockRepo.findById(1L);
-> at com.bookingmx.reservations.repo.ReservationRepository.findById(ReservationRepository.java:17)
Actually, there were zero interactions with this mock.

	at com.bookingmx.reservations.repo.ReservationRepository.findById(ReservationRepository.java:17)
	at com.bookingmx.reservations.service.ReservationServiceTest.cancel_ShouldThrowNotFoundException_WhenIdDoesNotExist(ReservationServiceTest.java:181)
	at java.base/java.lang.reflect.Method.invoke(Method.java:568)
	at java.base/java.util.ArrayList.forEach(ArrayList.java:1511)
	at java.base/java.util.ArrayList.forEach(ArrayList.java:1511)
]]></failure>
  </testcase>
</testsuite>