TN:
SF:js\api.js
FN:6,listReservations
FN:12,createReservation
FN:22,updateReservation
FN:32,cancelReservation
FNF:4
FNH:0
FNDA:0,listReservations
FNDA:0,createReservation
FNDA:0,updateReservation
FNDA:0,cancelReservation
DA:4,0
DA:7,0
DA:8,0
DA:9,0
DA:13,0
DA:18,0
DA:19,0
DA:23,0
DA:28,0
DA:29,0
DA:33,0
DA:34,0
DA:35,0
LF:13
LH:0
BRDA:8,0,0,0
BRDA:8,0,1,0
BRDA:18,1,0,0
BRDA:18,1,1,0
BRDA:18,2,0,0
BRDA:18,2,1,0
BRDA:28,3,0,0
BRDA:28,3,1,0
BRDA:28,4,0,0
BRDA:28,4,1,0
BRDA:34,5,0,0
BRDA:34,5,1,0
BRDA:34,6,0,0
BRDA:34,6,1,0
BRF:14
BRH:0
end_of_record
TN:
SF:js\graph.js
FN:5,(anonymous_0)
FN:9,(anonymous_1)
FN:14,(anonymous_2)
FN:21,(anonymous_3)
FN:28,validateGraphData
FN:41,buildGraph
FN:49,getNearbyCities
FN:54,(anonymous_7)
FN:55,(anonymous_8)
FN:56,(anonymous_9)
FNF:10
FNH:10
FNDA:13,(anonymous_0)
FNDA:24,(anonymous_1)
FNDA:15,(anonymous_2)
FNDA:7,(anonymous_3)
FNDA:16,validateGraphData
FNDA:3,buildGraph
FNDA:8,getNearbyCities
FNDA:16,(anonymous_7)
FNDA:14,(anonymous_8)
FNDA:13,(anonymous_9)
DA:6,13
DA:10,24
DA:11,21
DA:15,15
DA:16,13
DA:17,10
DA:18,10
DA:22,7
DA:23,6
DA:29,16
DA:30,13
DA:31,13
DA:32,15
DA:33,9
DA:34,8
DA:35,8
DA:36,5
DA:38,2
DA:42,3
DA:43,9
DA:44,7
DA:45,3
DA:50,8
DA:51,7
DA:52,5
DA:53,5
DA:54,16
DA:55,14
DA:56,13
DA:60,1
LF:30
LH:30
BRDA:10,0,0,3
BRDA:10,0,1,21
BRDA:10,1,0,24
BRDA:10,1,1,22
BRDA:11,2,0,20
BRDA:11,2,1,1
BRDA:15,3,0,2
BRDA:15,3,1,13
BRDA:15,4,0,15
BRDA:15,4,1,14
BRDA:16,5,0,3
BRDA:16,5,1,10
BRDA:16,6,0,13
BRDA:16,6,1,11
BRDA:22,7,0,1
BRDA:22,7,1,6
BRDA:29,8,0,3
BRDA:29,8,1,13
BRDA:29,9,0,16
BRDA:29,9,1,14
BRDA:31,10,0,2
BRDA:31,10,1,11
BRDA:32,11,0,2
BRDA:32,11,1,13
BRDA:32,12,0,15
BRDA:32,12,1,14
BRDA:34,13,0,8
BRDA:34,13,1,1
BRDA:35,14,0,3
BRDA:35,14,1,5
BRDA:35,15,0,8
BRDA:35,15,1,7
BRDA:36,16,0,4
BRDA:36,16,1,1
BRDA:36,17,0,5
BRDA:36,17,1,3
BRDA:49,18,0,5
BRDA:50,19,0,1
BRDA:50,19,1,7
BRDA:51,20,0,2
BRDA:51,20,1,5
BRDA:51,21,0,7
BRDA:51,21,1,6
BRF:43
BRH:43
end_of_record
